Arguments: 
  C:\Users\linkzz\scoop\apps\nvm\current\nodejs\nodejs\node.exe C:\Users\linkzz\scoop\apps\nvm\current\nodejs\nodejs\node_modules\yarn\bin\yarn.js install

PATH: 
  C:\Users\linkzz\AppData\Local\Temp\yarn--1663740504018-0.3912297811004004;C:\Users\linkzz\AppData\Local\Yarn\Data\global\node_modules\.bin;C:\Users\linkzz\AppData\Local\Yarn\Data\link\node_modules\.bin;C:\Users\linkzz\AppData\Local\Yarn\bin;C:\Users\linkzz\scoop\apps\nvm\current\nodejs\libexec\lib\node_modules\npm\bin\node-gyp-bin;C:\Users\linkzz\scoop\apps\nvm\current\nodejs\lib\node_modules\npm\bin\node-gyp-bin;C:\Users\linkzz\scoop\apps\nvm\current\nodejs\nodejs\node_modules\npm\bin\node-gyp-bin;C:\Program Files\WindowsApps\Microsoft.PowerShell_7.2.6.0_x64__8wekyb3d8bbwe;C:\Windows\system32;C:\Windows;C:\Windows\System32\Wbem;C:\Windows\System32\WindowsPowerShell\v1.0\;C:\Windows\System32\OpenSSH\;C:\Program Files\WireGuard\;C:\Program Files\Git\cmd;C:\Program Files (x86)\Tencent\微信web开发者工具\dll;C:\Users\linkzz\scoop\apps\corretto11-jdk\current\bin;C:\Users\linkzz\scoop\apps\nvm\current\nodejs\nodejs;C:\Users\linkzz\scoop\shims;C:\Users\linkzz\AppData\Local\Microsoft\WindowsApps;C:\Users\linkzz\AppData\Local\Programs\Microsoft VS Code\bin;C:\Program Files\JetBrains\IntelliJ IDEA 2022.2\bin;C:/Program Files/JetBrains/IntelliJ IDEA 2022.2/plugins/maven/lib/maven3\bin;C:\Users\linkzz\AppData\Roaming\DBeaverData\drivers\clients\postgresql\win\14

Yarn version: 
  1.22.19

Node version: 
  16.16.0

Platform: 
  win32 x64

Trace: 
  Error: https://registry.yarnpkg.com/@expo%2fvector-icons: ESOCKETTIMEDOUT
      at ClientRequest.<anonymous> (C:\Users\linkzz\scoop\persist\nvm\nodejs\v16.16.0\node_modules\yarn\lib\cli.js:141517:19)
      at Object.onceWrapper (node:events:641:28)
      at ClientRequest.emit (node:events:527:28)
      at TLSSocket.emitRequestTimeout (node:_http_client:771:9)
      at Object.onceWrapper (node:events:641:28)
      at TLSSocket.emit (node:events:539:35)
      at TLSSocket.Socket._onTimeout (node:net:516:8)
      at listOnTimeout (node:internal/timers:559:17)
      at processTimers (node:internal/timers:502:7)

npm manifest: 
  {
    "name": "react-native-tailwindcss",
    "version": "1.0.0",
    "main": "node_modules/expo/AppEntry.js",
    "scripts": {
      "start": "expo start",
      "android": "expo start --android",
      "ios": "expo start --ios",
      "web": "expo start --web",
      "test": "jest --watchAll"
    },
    "jest": {
      "preset": "jest-expo"
    },
    "dependencies": {
      "@expo/vector-icons": "^13.0.0",
      "@react-navigation/bottom-tabs": "^6.0.5",
      "@react-navigation/native": "^6.0.2",
      "@react-navigation/native-stack": "^6.1.0",
      "expo": "~46.0.9",
      "expo-asset": "~8.6.1",
      "expo-constants": "~13.2.4",
      "expo-font": "~10.2.0",
      "expo-linking": "~3.2.2",
      "expo-splash-screen": "~0.16.2",
      "expo-status-bar": "~1.4.0",
      "expo-system-ui": "~1.3.0",
      "expo-web-browser": "~11.0.0",
      "react": "18.0.0",
      "react-dom": "18.0.0",
      "react-native": "0.69.5",
      "react-native-safe-area-context": "4.3.1",
      "react-native-screens": "~3.15.0",
      "react-native-web": "~0.18.7"
    },
    "devDependencies": {
      "@babel/core": "^7.12.9",
      "@types/react": "~18.0.14",
      "@types/react-native": "~0.69.1",
      "jest": "^26.6.3",
      "jest-expo": "~44.0.1",
      "react-test-renderer": "18.0.0",
      "typescript": "~4.3.5"
    },
    "private": true
  }

yarn manifest: 
  No manifest

Lockfile: 
  No lockfile
